Warning[205] C:\USERS\EMIN EMIRHAN\DESKTOP\TMR0.X\TMR0_ASM_CODE.ASM 2 : Found directive in column 1. (list)
Warning[205] C:\USERS\EMIN EMIRHAN\DESKTOP\TMR0.X\TMR0_ASM_CODE.ASM 4 : Found directive in column 1. (__CONFIG)
Warning[205] C:\USERS\EMIN EMIRHAN\DESKTOP\TMR0.X\TMR0_ASM_CODE.ASM 6 : Found directive in column 1. (org)
Warning[203] C:\USERS\EMIN EMIRHAN\DESKTOP\TMR0.X\TMR0_ASM_CODE.ASM 7 : Found opcode in column 1. (goto)
Warning[205] C:\USERS\EMIN EMIRHAN\DESKTOP\TMR0.X\TMR0_ASM_CODE.ASM 8 : Found directive in column 1. (org)
Warning[203] C:\USERS\EMIN EMIRHAN\DESKTOP\TMR0.X\TMR0_ASM_CODE.ASM 9 : Found opcode in column 1. (goto)
Warning[203] C:\USERS\EMIN EMIRHAN\DESKTOP\TMR0.X\TMR0_ASM_CODE.ASM 12 : Found opcode in column 1. (movlw)
Warning[203] C:\USERS\EMIN EMIRHAN\DESKTOP\TMR0.X\TMR0_ASM_CODE.ASM 13 : Found opcode in column 1. (movwf)
Warning[203] C:\USERS\EMIN EMIRHAN\DESKTOP\TMR0.X\TMR0_ASM_CODE.ASM 14 : Found opcode in column 1. (bcf)
Warning[203] C:\USERS\EMIN EMIRHAN\DESKTOP\TMR0.X\TMR0_ASM_CODE.ASM 16 : Found opcode in column 1. (decfsz)
Warning[203] C:\USERS\EMIN EMIRHAN\DESKTOP\TMR0.X\TMR0_ASM_CODE.ASM 17 : Found opcode in column 1. (RETFIE)
Warning[203] C:\USERS\EMIN EMIRHAN\DESKTOP\TMR0.X\TMR0_ASM_CODE.ASM 18 : Found opcode in column 1. (movlw)
Warning[203] C:\USERS\EMIN EMIRHAN\DESKTOP\TMR0.X\TMR0_ASM_CODE.ASM 19 : Found opcode in column 1. (movwf)
Warning[203] C:\USERS\EMIN EMIRHAN\DESKTOP\TMR0.X\TMR0_ASM_CODE.ASM 21 : Found opcode in column 1. (movlw)
Warning[203] C:\USERS\EMIN EMIRHAN\DESKTOP\TMR0.X\TMR0_ASM_CODE.ASM 22 : Found opcode in column 1. (xorwf)
Warning[203] C:\USERS\EMIN EMIRHAN\DESKTOP\TMR0.X\TMR0_ASM_CODE.ASM 23 : Found opcode in column 1. (RETFIE)
Warning[203] C:\USERS\EMIN EMIRHAN\DESKTOP\TMR0.X\TMR0_ASM_CODE.ASM 26 : Found opcode in column 1. (bsf)
Warning[203] C:\USERS\EMIN EMIRHAN\DESKTOP\TMR0.X\TMR0_ASM_CODE.ASM 27 : Found opcode in column 1. (movlw)
Warning[203] C:\USERS\EMIN EMIRHAN\DESKTOP\TMR0.X\TMR0_ASM_CODE.ASM 28 : Found opcode in column 1. (movwf)
Message[302] C:\USERS\EMIN EMIRHAN\DESKTOP\TMR0.X\TMR0_ASM_CODE.ASM 28 : Register in operand not in bank 0.  Ensure that bank bits are correct.
Warning[203] C:\USERS\EMIN EMIRHAN\DESKTOP\TMR0.X\TMR0_ASM_CODE.ASM 29 : Found opcode in column 1. (clrf)
Message[302] C:\USERS\EMIN EMIRHAN\DESKTOP\TMR0.X\TMR0_ASM_CODE.ASM 29 : Register in operand not in bank 0.  Ensure that bank bits are correct.
Warning[203] C:\USERS\EMIN EMIRHAN\DESKTOP\TMR0.X\TMR0_ASM_CODE.ASM 30 : Found opcode in column 1. (clrf)
Message[302] C:\USERS\EMIN EMIRHAN\DESKTOP\TMR0.X\TMR0_ASM_CODE.ASM 30 : Register in operand not in bank 0.  Ensure that bank bits are correct.
Warning[203] C:\USERS\EMIN EMIRHAN\DESKTOP\TMR0.X\TMR0_ASM_CODE.ASM 31 : Found opcode in column 1. (movlw)
Warning[203] C:\USERS\EMIN EMIRHAN\DESKTOP\TMR0.X\TMR0_ASM_CODE.ASM 32 : Found opcode in column 1. (movwf)
Message[302] C:\USERS\EMIN EMIRHAN\DESKTOP\TMR0.X\TMR0_ASM_CODE.ASM 32 : Register in operand not in bank 0.  Ensure that bank bits are correct.
Warning[203] C:\USERS\EMIN EMIRHAN\DESKTOP\TMR0.X\TMR0_ASM_CODE.ASM 33 : Found opcode in column 1. (bcf)
Warning[203] C:\USERS\EMIN EMIRHAN\DESKTOP\TMR0.X\TMR0_ASM_CODE.ASM 35 : Found opcode in column 1. (movlw)
Warning[203] C:\USERS\EMIN EMIRHAN\DESKTOP\TMR0.X\TMR0_ASM_CODE.ASM 36 : Found opcode in column 1. (movwf)
Warning[203] C:\USERS\EMIN EMIRHAN\DESKTOP\TMR0.X\TMR0_ASM_CODE.ASM 38 : Found opcode in column 1. (movlw)
Warning[203] C:\USERS\EMIN EMIRHAN\DESKTOP\TMR0.X\TMR0_ASM_CODE.ASM 39 : Found opcode in column 1. (movwf)
Warning[203] C:\USERS\EMIN EMIRHAN\DESKTOP\TMR0.X\TMR0_ASM_CODE.ASM 41 : Found opcode in column 1. (movlw)
Warning[203] C:\USERS\EMIN EMIRHAN\DESKTOP\TMR0.X\TMR0_ASM_CODE.ASM 42 : Found opcode in column 1. (movwf)
Warning[205] C:\USERS\EMIN EMIRHAN\DESKTOP\TMR0.X\TMR0_ASM_CODE.ASM 44 : Found directive in column 1. (end)
