
ROM used:   643/8192 (8%)
            643/8192 (8%) including unused fragments

            0.2 Average locations per line
            1.1 Average locations per statement

RAM used:   24/368 (7%) at main() level
            39/368 (11%) worst case

Stack used: 0 worst case (0 in main + 0 for interrupts)
Stack size: 8

Lines Stmts  %   Files
----- ----- ---  -----
   57    22   4  receiver.c
  661     0   0  C:\Program Files (x86)\PICC\Devices\16F877A.h
 1351   359  61  C:\Program Files (x86)\PICC\Drivers\stdlib.h
   32     0   0  C:\Program Files (x86)\PICC\Drivers\stddef.h
  423   125  21  C:\Program Files (x86)\PICC\Drivers\string.h
   28     0   0  C:\Program Files (x86)\PICC\Drivers\ctype.h
  456    84  14  C:\Program Files (x86)\PICC\Drivers\lcd.c
----- -----
 3008   590 Total

Page ROM  %  RAM   Vol Diff  Functions:
---- --- --- ---   --- ----  ----------
0     37   6    2             @MUL88
0     21   3    1             @delay_ms1
0      8   1    0             @const905
 Inline         3   596  5.9  lcd_read_byte
0      6   1    0    59  4.2  lcd_read_nibble
0     12   2    1   179  3.3  lcd_send_nibble
0     64  10    3   460  4.7  lcd_send_byte
0     51   8    2   667  5.9  lcd_init
0     18   3    4   208  6.3  lcd_gotoxy
0     44   7    1   354  4.7  lcd_putc
0    163  25    2  1087  7.7  MAIN
0     12   2    0             @const945
0     84  13    5             @PSTRINGCN7_923
0     21   3    3             @DIV88
0     87  14    6             @PRINTF_D_923
0     11   2    0             @MEMSET
 Inline         0             @cinit1

Program metrics:
    Functions               8
    Statements              590
    Comments                984
    Volume (V)              5387
    Difficulty (D)          40.6
    Effort to implement (E) 218480
    Time to implement (T)   3 hours, 22 minutes
    Est Delivered Bugs (B)  1
    Cyclomatic Complexity   11
    Maintainability (MI)    17

 Segment     Used  Free
-----------  ----  ----
00000-00003     4  0  
00004-007FF   639  1405  
00800-00FFF     0  2048  
01000-017FF     0  2048  
01800-01FFF     0  2048  



