
ROM used:   925/8192 (11%)
            925/8192 (11%) including unused fragments

            0.3 Average locations per line
            1.6 Average locations per statement

RAM used:   12/368 (3%) at main() level
            36/368 (10%) worst case

Stack used: 0 worst case (0 in main + 0 for interrupts)
Stack size: 8

Lines Stmts  %   Files
----- ----- ---  -----
  146   138  24  lab04.c
  661     0   0  C:\Program Files (x86)\PICC\Devices\16F877A.h
   37     0   0  C:\Program Files (x86)\PICC\Drivers\stdio.h
  423     0   0  C:\Program Files (x86)\PICC\Drivers\string.h
   32     0   0  C:\Program Files (x86)\PICC\Drivers\stddef.h
   28     0   0  C:\Program Files (x86)\PICC\Drivers\ctype.h
 1351   359  62  C:\Program Files (x86)\PICC\Drivers\stdlib.h
  456    84  14  C:\Program Files (x86)\PICC\Drivers\lcd.c
----- -----
 3134   581 Total

Page ROM  %  RAM   Vol Diff  Functions:
---- --- --- ---   --- ----  ----------
0     37   4    2             @MUL88
0     21   2    1             @delay_ms1
0      8   1    0             @const902
0     34   4    3   596  5.9  lcd_read_byte
0      6   1    0    59  4.2  lcd_read_nibble
0     12   1    1   179  3.3  lcd_send_nibble
0     32   3    3   460  4.7  lcd_send_byte
0     51   6    2   667  5.9  lcd_init
0     18   2    4   208  6.3  lcd_gotoxy
0     44   5    1   354  4.7  lcd_putc
0     18   2    4   238  4.0  lcd_getc
0    187  20    1  1983  8.2  MAIN
0      7   1    0             @const941
0     77   8    4             @PSTRINGC7_920
0     21   2    3             @DIV88
0     89  10    6             @PRINTF_D_920
0    259  28    1  2856  3.4  keypad_control
 Inline         0             @cinit1

Program metrics:
    Functions               10
    Statements              581
    Comments                774
    Volume (V)              10880
    Difficulty (D)          47.7
    Effort to implement (E) 519113
    Time to implement (T)   8 hours, 1 minutes
    Est Delivered Bugs (B)  2
    Cyclomatic Complexity   25
    Maintainability (MI)    112

 Segment     Used  Free
-----------  ----  ----
00000-00003     4  0  
00004-007FF   921  1123  
00800-00FFF     0  2048  
01000-017FF     0  2048  
01800-01FFF     0  2048  



